<?xml version="1.0" encoding="UTF-8"?><testsuite errors="0" failures="0" name="com.localhost3030.storeinfo.StoreCRUDTest" skipped="0" tests="5" time="2.52" timestamp="2022-10-05T16:42:23.515+01:00[Europe/London]"><testcase classname="com.localhost3030.storeinfo.StoreCRUDTest" name="This will get list of stores"/><testcase classname="com.localhost3030.storeinfo.StoreCRUDTest" name="This will create a store"/><testcase classname="com.localhost3030.storeinfo.StoreCRUDTest" name="This will verify store is created"/><testcase classname="com.localhost3030.storeinfo.StoreCRUDTest" name="Update the store and Verify the updated info"/><testcase classname="com.localhost3030.storeinfo.StoreCRUDTest" name="Delete the store and verify if the product is deleted"/></testsuite>