<?xml version="1.0" encoding="UTF-8"?><testsuite errors="0" failures="0" name="com.localhost3030.storeinfo.StoreCRUDTestWithSteps" skipped="0" tests="5" time="2.62" timestamp="2022-10-05T16:42:05.230+01:00[Europe/London]"><testcase classname="com.localhost3030.storeinfo.StoreCRUDTestWithSteps" name="This will get list of Stores"/><testcase classname="com.localhost3030.storeinfo.StoreCRUDTestWithSteps" name="This will create a store"/><testcase classname="com.localhost3030.storeinfo.StoreCRUDTestWithSteps" name="This will verify store is created"/><testcase classname="com.localhost3030.storeinfo.StoreCRUDTestWithSteps" name="update the store and Verify the updated info"/><testcase classname="com.localhost3030.storeinfo.StoreCRUDTestWithSteps" name="Delete the store and verify if the store is deleted"/></testsuite>